****************************************************************************************************                    
**          MIDAS/Gen V8.8.1 - Modeling, Integrated Design & Analysis Software                    **                    
**                         GENERAL STRUCTURE DESIGN SYSTEM FOR WINDOWS                            **                    
****************************************************************************************************                    
                                                                                                                        
                                   ....xxxxxxxx*********xxxxxxxx......                                                  
                               xXXXXXX***''               ```***XXXXXXXXXXx.                                            
                           XXXXXXX                                   ``*XXXXXXXx.                                       
         XXXXXXXXXX      XXXXXXX XX                                        `*XXXXXX.                                    
         XXXXXXXXXXX    XXXXXX XXXX                                           `*XXXXX                                   
         XXXXXXXXXXXX  XXXXXX XXXXX  XXXXX  XXXXXXXXXXx        XXXXX      .XXXX.`XXXXX                                  
         XXXXXXXXXXXX::XXXXX XXXXXX  XXXXX  XXXXXXXXXXXX      XXXXXXX    :XXXXXX: XXXXX                                 
         XXXXXX XXXXX XXXXX: XXXXXX  XXXXX  XXXXX   xXXXX    :XXXXXXX:   XXXX:     XXXXX                                
         XXXXXX  XXXX XXXXX  XXXXXX  XXXXX  XXXXX    XXXXX  :XXXX:XXXX   XXXXXXXXX:                                     
         XXXXXX  XXX XXXXX:  XXXXXX  XXXXX  XXXXX    :XXXX  XXXXX XXXXX   :XXXXXXXXXX                                   
         XXXXXX  :XX XXXXX   XXXXXX  XXXXX  XXXXX    :XXXX :XXXX: :XXXX:    `:XXXXXXXX:                                 
         XXXXXX   XX XXXXX   XXXXXX  XXXXX  XXXXX    XXXXX XXXXX   XXXXX XXXX     XXXXX                                 
         XXXXXX   XX XXXXX   XXXXXX  XXXXX  XXXXX   xXXXX XXXXX:   :XXXXX:XXXX   .XXXX                                  
         XXXXXX   :XXXXXXX   XXXXXX  XXXXX  XXXXXXXXXXXX :XXXX:     XXXXX XXXXXXXXXXX:                                  
         XXXXXX    XXXXXXX   XXXXXX  XXXXX  XXXXXXXXXXx  XXXXX      :XXXXX `XXXXXXX'     /GEN                           
                                                                                                                        
         ----------------- PC WINDOWS XP/VISTA/7/8/8.1 VERSION. V8.8.1 ------------------                               
                                                                                                                        
                  Copyright ¨Ï SINCE 1989 MIDAS Information Technology Co., Ltd.                                        
                           ALL RIGHTS RESERVED MIDAS IT Co., Ltd.                                                       
                                                                                                                        
****************************************************************************************************                    
  
  
 -----------------------------------------S T A R T I N G       S O L U T I O N

 MULTI-FRONTAL SOLVER
 AVAILABLE MEMORY =   12.6 GBYTES

 INTERNAL DATA REGENERATION ( ENTRY REGEN_MODEL )

**  MIDAS/Gen WINDOWS VERSION 8.8.1                                  DATE MAY/17/2022  TIME 19:39:56
**  Modeling, Integrated Design & Analysis Software              PC WINDOWS XP/VISTA/7/8/8.1 VERSION
====================================================================================================
  
  
 N U M B E R I N G   E Q U A T I O N
 ===================================


 INFORMATION FOR EQUATION NUMBER
 -------------------------------

  SERIAL   NODE          EQUATION NUMBERS FOR EACH DEGREE OF FREEDOM
    NO.     NO.         X       Y        Z        XX       YY       ZZ
 -------  -------   -------- -------- -------- -------- -------- --------
      1        1           0        0        0        0        0        0
      2        2           1        2        0        3        4        5
      3        3           6        7        8        9       10       11
      4        4          12       13        0       14       15       16
      5        5          17       18       19       20       21       22
      6        6          23       24        0       25       26       27
      7        7          28       29       30       31       32       33


 RIGID TYPE SPRING STIFFNESS       DIMENSION UNIT :  KN   , M   
 TRANSLATIONAL STIFFNESS :    2.2916667E+09
 ROTATIONAL    STIFFNESS :    2.2916667E+09


 EQUATION STATUS
 ---------------

 TOTAL NUMBER OF VALID DOFS IN MODEL ..........:      33
 NUMBER OF EQUATIONS IN A BLOCK ...............:      33
 NUMBER OF BLOCKS .............................:       1

**  MIDAS/Gen WINDOWS VERSION 8.8.1                                  DATE MAY/17/2022  TIME 19:39:56
**  Modeling, Integrated Design & Analysis Software              PC WINDOWS XP/VISTA/7/8/8.1 VERSION
====================================================================================================
  
  


 S E T U P   E Q U A T I O N   P R O F I L E
 ===========================================


 THE TOTAL WEIGHT OF MODEL
 -------------------------

 TOTAL WEIGHT ...........:  0.00000E+00   KN  


 THE CENTER OF GRAVITY OF FINITE ELEMENT MODEL 
 ---------------------------------------------

 X-COORDINATE OF C.G ....:  0.00000E+00   M   
 Y-COORDINATE OF C.G ....:  0.00000E+00   M   
 Z-COORDINATE OF C.G ....:  0.00000E+00   M   

 STATIC ANALYSIS TIME LOG ( IN SECOND )
 --------------------------------------
 MULTI-FRONTAL SOLUTION .....................:     0.90
 DISPLACEMENT OUTPUT ........................:     0.05
 STRESS OUTPUT ..............................:     0.05
 TOTAL SOLUTION TIME (SUM OF THE ABOVE) .....:     1.02


 STATIC ANALYSIS TIME LOG ( IN SECOND )
 --------------------------------------
 MULTI-FRONTAL SOLUTION .....................:     0.01
 DISPLACEMENT OUTPUT ........................:     0.03
 STRESS OUTPUT ..............................:     0.05
 TOTAL SOLUTION TIME (SUM OF THE ABOVE) .....:     0.10


**  MIDAS/Gen WINDOWS VERSION 8.8.1                                  DATE MAY/17/2022  TIME 19:39:58
**  Modeling, Integrated Design & Analysis Software              PC WINDOWS XP/VISTA/7/8/8.1 VERSION
====================================================================================================
  
  


 =========================================================
 ** O V E R A L L   T I M E   L O G   I N   S E C O N D **
 =========================================================

  - INPUT DATA READING AND GENERATION ..........:     0.02
  - FORM ELEMENT STIFFNESS MATRICES ............:     0.01
  - FORM GLOBAL LOAD VECTOR ....................:     0.04
  - FORM TOTAL STIFFNESS MATRICES ..............:     0.03
  - P-DELTA ANALYSIS ...........................:     0.00
  - STATIC ANALYSIS ............................:     1.04
  - MOVING LOAD ANALYSIS .......................:     0.00
  - SETTLEMENT ANALYSIS ........................:     0.00
  - EIGENVALUE EXTRACTION ......................:     0.00
  - RESPONSE SPECTRUM ANALYSIS .................:     0.00
  - TIME HISTORY ANALYSIS ......................:     0.00
  - PRINT DYNAMIC INFORMATION OUTPUT ...........:     0.46
  - TOTAL ELAPSED TIME .........................:     1.60
